<?xml version="1.0" encoding="UTF-8"?>
<!-- Generated by org.testng.reporters.JUnitReportReporter -->
<testsuite hostname="DESKTOP-LQV4VHB" failures="0" tests="1" name="com.sevenmartsupermarket.tests.ManageDeliveryboyTest" time="9.602" errors="0" timestamp="2024-03-14T00:52:53 IST" skipped="0">
  <testcase classname="com.sevenmartsupermarket.tests.ManageDeliveryboyTest" name="VerifyDeliveryboyDetailCreatedSuccesfully" time="9.602"/>
  <system-out/>
</testsuite> <!-- com.sevenmartsupermarket.tests.ManageDeliveryboyTest -->
