<?xml version="1.0" encoding="UTF-8"?>
<!-- Generated by org.testng.reporters.JUnitReportReporter -->
<testsuite hostname="DESKTOP-LQV4VHB" failures="0" tests="1" name="com.sevenmartsupermarket.tests.ManageListExpenseTest" time="22.978" errors="0" timestamp="2024-03-14T00:45:12 IST" skipped="0">
  <testcase classname="com.sevenmartsupermarket.tests.ManageListExpenseTest" name="verifyExpenseCreatedSuccesfully" time="22.978"/>
  <system-out/>
</testsuite> <!-- com.sevenmartsupermarket.tests.ManageListExpenseTest -->
