<?xml version="1.0" encoding="UTF-8"?>
<!-- Generated by org.testng.reporters.JUnitReportReporter -->
<testsuite hostname="DESKTOP-LQV4VHB" failures="0" tests="1" name="com.sevenmartsupermarket.tests.ManageExpenseTest" time="7.298" errors="0" timestamp="2024-03-11T18:34:38 IST" skipped="0">
  <testcase classname="com.sevenmartsupermarket.tests.ManageExpenseTest" name="VerifyexpenseCategoryAddedSuccesfully" time="7.298"/>
  <system-out/>
</testsuite> <!-- com.sevenmartsupermarket.tests.ManageExpenseTest -->
