<?xml version="1.0" encoding="UTF-8"?>
<!-- Generated by org.testng.reporters.JUnitReportReporter -->
<testsuite hostname="DESKTOP-LQV4VHB" failures="0" tests="1" name="com.sevenmartsupermarket.tests.ManageExpenseCategoryTest" time="6.635" errors="0" timestamp="2024-03-11T21:57:29 IST" skipped="0">
  <testcase classname="com.sevenmartsupermarket.tests.ManageExpenseCategoryTest" name="verifypagetitleofExpensecategory" time="6.635"/>
  <system-out/>
</testsuite> <!-- com.sevenmartsupermarket.tests.ManageExpenseCategoryTest -->
