<?xml version="1.0" encoding="UTF-8"?>
<!-- Generated by org.testng.reporters.JUnitReportReporter -->
<testsuite hostname="DESKTOP-LQV4VHB" failures="0" tests="1" name="com.sevenmartsupermarket.tests.LoginTest" time="9.400" errors="0" timestamp="2024-03-12T08:58:03 IST" skipped="0">
  <testcase classname="com.sevenmartsupermarket.tests.LoginTest" name="verifyLogin" time="9.400"/>
  <system-out/>
</testsuite> <!-- com.sevenmartsupermarket.tests.LoginTest -->
